# JRE version: Java(TM) SE Runtime Environment (8.0_101-b13) (build 1.8.0_101-b13)
# Java VM: Java HotSpot(TM) 64-Bit Server VM (25.101-b13 mixed mode windows-amd64 compressed oops)
Heap:
 PSYoungGen      total 256512K, used 46533K [0x00000000d5a00000, 0x00000000e6480000, 0x0000000100000000)
  eden space 240128K, 12% used [0x00000000d5a00000,0x00000000d7778400,0x00000000e4480000)
  from space 16384K, 99% used [0x00000000e4480000,0x00000000e5479110,0x00000000e5480000)
  to   space 13824K, 0% used [0x00000000e5700000,0x00000000e5700000,0x00000000e6480000)
 ParOldGen       total 78336K, used 22281K [0x0000000080e00000, 0x0000000085a80000, 0x00000000d5a00000)
  object space 78336K, 28% used [0x0000000080e00000,0x00000000823c2660,0x0000000085a80000)
 Metaspace       used 46314K, capacity 47332K, committed 47576K, reserved 1089536K
  class space    used 6324K, capacity 6568K, committed 6656K, reserved 1048576K
GC Heap History (10 events):
Event: 1.825 GC heap before
{Heap before GC invocations=5 (full 1):
 PSYoungGen      total 138240K, used 5104K [0x00000000d5a00000, 0x00000000de600000, 0x0000000100000000)
  eden space 133120K, 0% used [0x00000000d5a00000,0x00000000d5a00000,0x00000000ddc00000)
  from space 5120K, 99% used [0x00000000de100000,0x00000000de5fc070,0x00000000de600000)
  to   space 5120K, 0% used [0x00000000ddc00000,0x00000000ddc00000,0x00000000de100000)
 ParOldGen       total 87552K, used 9574K [0x0000000080e00000, 0x0000000086380000, 0x00000000d5a00000)
  object space 87552K, 10% used [0x0000000080e00000,0x00000000817598c0,0x0000000086380000)
 Metaspace       used 20793K, capacity 21086K, committed 21248K, reserved 1067008K
  class space    used 2882K, capacity 2970K, committed 3072K, reserved 1048576K
Event: 1.858 GC heap after
Heap after GC invocations=5 (full 1):
 PSYoungGen      total 138240K, used 0K [0x00000000d5a00000, 0x00000000de600000, 0x0000000100000000)
  eden space 133120K, 0% used [0x00000000d5a00000,0x00000000d5a00000,0x00000000ddc00000)
  from space 5120K, 0% used [0x00000000de100000,0x00000000de100000,0x00000000de600000)
  to   space 5120K, 0% used [0x00000000ddc00000,0x00000000ddc00000,0x00000000de100000)
 ParOldGen       total 60416K, used 13334K [0x0000000080e00000, 0x0000000084900000, 0x00000000d5a00000)
  object space 60416K, 22% used [0x0000000080e00000,0x0000000081b05a60,0x0000000084900000)
 Metaspace       used 20793K, capacity 21086K, committed 21248K, reserved 1067008K
  class space    used 2882K, capacity 2970K, committed 3072K, reserved 1048576K
}
Event: 3.454 GC heap before
{Heap before GC invocations=6 (full 1):
 PSYoungGen      total 138240K, used 133120K [0x00000000d5a00000, 0x00000000de600000, 0x0000000100000000)
  eden space 133120K, 100% used [0x00000000d5a00000,0x00000000ddc00000,0x00000000ddc00000)
  from space 5120K, 0% used [0x00000000de100000,0x00000000de100000,0x00000000de600000)
  to   space 5120K, 0% used [0x00000000ddc00000,0x00000000ddc00000,0x00000000de100000)
 ParOldGen       total 60416K, used 13334K [0x0000000080e00000, 0x0000000084900000, 0x00000000d5a00000)
  object space 60416K, 22% used [0x0000000080e00000,0x0000000081b05a60,0x0000000084900000)
 Metaspace       used 30594K, capacity 31046K, committed 31360K, reserved 1077248K
  class space    used 4242K, capacity 4412K, committed 4480K, reserved 1048576K
Event: 3.480 GC heap after
Heap after GC invocations=6 (full 1):
 PSYoungGen      total 138240K, used 5088K [0x00000000d5a00000, 0x00000000e6680000, 0x0000000100000000)
  eden space 133120K, 0% used [0x00000000d5a00000,0x00000000d5a00000,0x00000000ddc00000)
  from space 5120K, 99% used [0x00000000ddc00000,0x00000000de0f8010,0x00000000de100000)
  to   space 15872K, 0% used [0x00000000e5700000,0x00000000e5700000,0x00000000e6680000)
 ParOldGen       total 60416K, used 20723K [0x0000000080e00000, 0x0000000084900000, 0x00000000d5a00000)
  object space 60416K, 34% used [0x0000000080e00000,0x000000008223cf40,0x0000000084900000)
 Metaspace       used 30594K, capacity 31046K, committed 31360K, reserved 1077248K
  class space    used 4242K, capacity 4412K, committed 4480K, reserved 1048576K
}
Event: 3.951 GC heap before
{Heap before GC invocations=7 (full 1):
 PSYoungGen      total 138240K, used 80681K [0x00000000d5a00000, 0x00000000e6680000, 0x0000000100000000)
  eden space 133120K, 56% used [0x00000000d5a00000,0x00000000da3d2600,0x00000000ddc00000)
  from space 5120K, 99% used [0x00000000ddc00000,0x00000000de0f8010,0x00000000de100000)
  to   space 15872K, 0% used [0x00000000e5700000,0x00000000e5700000,0x00000000e6680000)
 ParOldGen       total 60416K, used 20723K [0x0000000080e00000, 0x0000000084900000, 0x00000000d5a00000)
  object space 60416K, 34% used [0x0000000080e00000,0x000000008223cf40,0x0000000084900000)
 Metaspace       used 34593K, capacity 35124K, committed 35416K, reserved 1079296K
  class space    used 4753K, capacity 4912K, committed 4992K, reserved 1048576K
Event: 3.969 GC heap after
Heap after GC invocations=7 (full 1):
 PSYoungGen      total 253952K, used 11919K [0x00000000d5a00000, 0x00000000e6480000, 0x0000000100000000)
  eden space 240128K, 0% used [0x00000000d5a00000,0x00000000d5a00000,0x00000000e4480000)
  from space 13824K, 86% used [0x00000000e5700000,0x00000000e62a3d68,0x00000000e6480000)
  to   space 16384K, 0% used [0x00000000e4480000,0x00000000e4480000,0x00000000e5480000)
 ParOldGen       total 60416K, used 20795K [0x0000000080e00000, 0x0000000084900000, 0x00000000d5a00000)
  object space 60416K, 34% used [0x0000000080e00000,0x000000008224ef50,0x0000000084900000)
 Metaspace       used 34593K, capacity 35124K, committed 35416K, reserved 1079296K
  class space    used 4753K, capacity 4912K, committed 4992K, reserved 1048576K
}
Event: 3.969 GC heap before
{Heap before GC invocations=8 (full 2):
 PSYoungGen      total 253952K, used 11919K [0x00000000d5a00000, 0x00000000e6480000, 0x0000000100000000)
  eden space 240128K, 0% used [0x00000000d5a00000,0x00000000d5a00000,0x00000000e4480000)
  from space 13824K, 86% used [0x00000000e5700000,0x00000000e62a3d68,0x00000000e6480000)
  to   space 16384K, 0% used [0x00000000e4480000,0x00000000e4480000,0x00000000e5480000)
 ParOldGen       total 60416K, used 20795K [0x0000000080e00000, 0x0000000084900000, 0x00000000d5a00000)
  object space 60416K, 34% used [0x0000000080e00000,0x000000008224ef50,0x0000000084900000)
 Metaspace       used 34593K, capacity 35124K, committed 35416K, reserved 1079296K
  class space    used 4753K, capacity 4912K, committed 4992K, reserved 1048576K
Event: 4.039 GC heap after
Heap after GC invocations=8 (full 2):
 PSYoungGen      total 253952K, used 0K [0x00000000d5a00000, 0x00000000e6480000, 0x0000000100000000)
  eden space 240128K, 0% used [0x00000000d5a00000,0x00000000d5a00000,0x00000000e4480000)
  from space 13824K, 0% used [0x00000000e5700000,0x00000000e5700000,0x00000000e6480000)
  to   space 16384K, 0% used [0x00000000e4480000,0x00000000e4480000,0x00000000e5480000)
 ParOldGen       total 78336K, used 19240K [0x0000000080e00000, 0x0000000085a80000, 0x00000000d5a00000)
  object space 78336K, 24% used [0x0000000080e00000,0x00000000820ca1b0,0x0000000085a80000)
 Metaspace       used 34593K, capacity 35124K, committed 35416K, reserved 1079296K
  class space    used 4753K, capacity 4912K, committed 4992K, reserved 1048576K
}
Event: 6.941 GC heap before
{Heap before GC invocations=9 (full 2):
 PSYoungGen      total 253952K, used 240128K [0x00000000d5a00000, 0x00000000e6480000, 0x0000000100000000)
  eden space 240128K, 100% used [0x00000000d5a00000,0x00000000e4480000,0x00000000e4480000)
  from space 13824K, 0% used [0x00000000e5700000,0x00000000e5700000,0x00000000e6480000)
  to   space 16384K, 0% used [0x00000000e4480000,0x00000000e4480000,0x00000000e5480000)
 ParOldGen       total 78336K, used 19240K [0x0000000080e00000, 0x0000000085a80000, 0x00000000d5a00000)
  object space 78336K, 24% used [0x0000000080e00000,0x00000000820ca1b0,0x0000000085a80000)
 Metaspace       used 45181K, capacity 46166K, committed 46296K, reserved 1089536K
  class space    used 6157K, capacity 6372K, committed 6400K, reserved 1048576K
Event: 6.992 GC heap after
Heap after GC invocations=9 (full 2):
 PSYoungGen      total 256512K, used 16356K [0x00000000d5a00000, 0x00000000e6480000, 0x0000000100000000)
  eden space 240128K, 0% used [0x00000000d5a00000,0x00000000d5a00000,0x00000000e4480000)
  from space 16384K, 99% used [0x00000000e4480000,0x00000000e5479110,0x00000000e5480000)
  to   space 13824K, 0% used [0x00000000e5700000,0x00000000e5700000,0x00000000e6480000)
 ParOldGen       total 78336K, used 22281K [0x0000000080e00000, 0x0000000085a80000, 0x00000000d5a00000)
  object space 78336K, 28% used [0x0000000080e00000,0x00000000823c2660,0x0000000085a80000)
 Metaspace       used 45181K, capacity 46166K, committed 46296K, reserved 1089536K
  class space    used 6157K, capacity 6372K, committed 6400K, reserved 1048576K
}

