# JRE version: Java(TM) SE Runtime Environment (8.0_101-b13) (build 1.8.0_101-b13)
# Java VM: Java HotSpot(TM) 64-Bit Server VM (25.101-b13 mixed mode windows-amd64 compressed oops)
Heap:
 PSYoungGen      total 257024K, used 28753K [0x00000000d5a00000, 0x00000000e6700000, 0x0000000100000000)
  eden space 243200K, 11% used [0x00000000d5a00000,0x00000000d7614438,0x00000000e4780000)
  from space 13824K, 0% used [0x00000000e4780000,0x00000000e4780000,0x00000000e5500000)
  to   space 13824K, 0% used [0x00000000e5500000,0x00000000e5500000,0x00000000e6280000)
 ParOldGen       total 64512K, used 55920K [0x0000000080e00000, 0x0000000084d00000, 0x00000000d5a00000)
  object space 64512K, 86% used [0x0000000080e00000,0x000000008449c138,0x0000000084d00000)
 Metaspace       used 71650K, capacity 73308K, committed 73560K, reserved 1114112K
  class space    used 9199K, capacity 9557K, committed 9600K, reserved 1048576K
GC Heap History (10 events):
Event: 6.341 GC heap before
{Heap before GC invocations=11 (full 2):
 PSYoungGen      total 257024K, used 243200K [0x00000000d5a00000, 0x00000000e6700000, 0x0000000100000000)
  eden space 243200K, 100% used [0x00000000d5a00000,0x00000000e4780000,0x00000000e4780000)
  from space 13824K, 0% used [0x00000000e5500000,0x00000000e5500000,0x00000000e6280000)
  to   space 13824K, 0% used [0x00000000e4780000,0x00000000e4780000,0x00000000e5500000)
 ParOldGen       total 64512K, used 17659K [0x0000000080e00000, 0x0000000084d00000, 0x00000000d5a00000)
  object space 64512K, 27% used [0x0000000080e00000,0x0000000081f3ee70,0x0000000084d00000)
 Metaspace       used 45204K, capacity 46166K, committed 46296K, reserved 1089536K
  class space    used 6157K, capacity 6372K, committed 6400K, reserved 1048576K
Event: 6.356 GC heap after
Heap after GC invocations=11 (full 2):
 PSYoungGen      total 257024K, used 13806K [0x00000000d5a00000, 0x00000000e6700000, 0x0000000100000000)
  eden space 243200K, 0% used [0x00000000d5a00000,0x00000000d5a00000,0x00000000e4780000)
  from space 13824K, 99% used [0x00000000e4780000,0x00000000e54fb890,0x00000000e5500000)
  to   space 13824K, 0% used [0x00000000e5500000,0x00000000e5500000,0x00000000e6280000)
 ParOldGen       total 64512K, used 23098K [0x0000000080e00000, 0x0000000084d00000, 0x00000000d5a00000)
  object space 64512K, 35% used [0x0000000080e00000,0x000000008248eb68,0x0000000084d00000)
 Metaspace       used 45204K, capacity 46166K, committed 46296K, reserved 1089536K
  class space    used 6157K, capacity 6372K, committed 6400K, reserved 1048576K
}
Event: 8.763 GC heap before
{Heap before GC invocations=12 (full 2):
 PSYoungGen      total 257024K, used 257006K [0x00000000d5a00000, 0x00000000e6700000, 0x0000000100000000)
  eden space 243200K, 100% used [0x00000000d5a00000,0x00000000e4780000,0x00000000e4780000)
  from space 13824K, 99% used [0x00000000e4780000,0x00000000e54fb890,0x00000000e5500000)
  to   space 13824K, 0% used [0x00000000e5500000,0x00000000e5500000,0x00000000e6280000)
 ParOldGen       total 64512K, used 23098K [0x0000000080e00000, 0x0000000084d00000, 0x00000000d5a00000)
  object space 64512K, 35% used [0x0000000080e00000,0x000000008248eb68,0x0000000084d00000)
 Metaspace       used 55638K, capacity 57094K, committed 57432K, reserved 1099776K
  class space    used 7630K, capacity 7980K, committed 8064K, reserved 1048576K
Event: 8.785 GC heap after
Heap after GC invocations=12 (full 2):
 PSYoungGen      total 257024K, used 13811K [0x00000000d5a00000, 0x00000000e6700000, 0x0000000100000000)
  eden space 243200K, 0% used [0x00000000d5a00000,0x00000000d5a00000,0x00000000e4780000)
  from space 13824K, 99% used [0x00000000e5500000,0x00000000e627cd40,0x00000000e6280000)
  to   space 13824K, 0% used [0x00000000e4780000,0x00000000e4780000,0x00000000e5500000)
 ParOldGen       total 64512K, used 42618K [0x0000000080e00000, 0x0000000084d00000, 0x00000000d5a00000)
  object space 64512K, 66% used [0x0000000080e00000,0x000000008379e940,0x0000000084d00000)
 Metaspace       used 55638K, capacity 57094K, committed 57432K, reserved 1099776K
  class space    used 7630K, capacity 7980K, committed 8064K, reserved 1048576K
}
Event: 8.904 GC heap before
{Heap before GC invocations=13 (full 2):
 PSYoungGen      total 257024K, used 18820K [0x00000000d5a00000, 0x00000000e6700000, 0x0000000100000000)
  eden space 243200K, 2% used [0x00000000d5a00000,0x00000000d5ee44c8,0x00000000e4780000)
  from space 13824K, 99% used [0x00000000e5500000,0x00000000e627cd40,0x00000000e6280000)
  to   space 13824K, 0% used [0x00000000e4780000,0x00000000e4780000,0x00000000e5500000)
 ParOldGen       total 64512K, used 42618K [0x0000000080e00000, 0x0000000084d00000, 0x00000000d5a00000)
  object space 64512K, 66% used [0x0000000080e00000,0x000000008379e940,0x0000000084d00000)
 Metaspace       used 57322K, capacity 58822K, committed 58968K, reserved 1099776K
  class space    used 7877K, capacity 8236K, committed 8320K, reserved 1048576K
Event: 9.092 GC heap after
Heap after GC invocations=13 (full 2):
 PSYoungGen      total 257024K, used 507K [0x00000000d5a00000, 0x00000000e6700000, 0x0000000100000000)
  eden space 243200K, 0% used [0x00000000d5a00000,0x00000000d5a00000,0x00000000e4780000)
  from space 13824K, 3% used [0x00000000e4780000,0x00000000e47fec88,0x00000000e5500000)
  to   space 13824K, 0% used [0x00000000e5500000,0x00000000e5500000,0x00000000e6280000)
 ParOldGen       total 64512K, used 56515K [0x0000000080e00000, 0x0000000084d00000, 0x00000000d5a00000)
  object space 64512K, 87% used [0x0000000080e00000,0x0000000084530ee8,0x0000000084d00000)
 Metaspace       used 57322K, capacity 58822K, committed 58968K, reserved 1099776K
  class space    used 7877K, capacity 8236K, committed 8320K, reserved 1048576K
}
Event: 9.092 GC heap before
{Heap before GC invocations=14 (full 3):
 PSYoungGen      total 257024K, used 507K [0x00000000d5a00000, 0x00000000e6700000, 0x0000000100000000)
  eden space 243200K, 0% used [0x00000000d5a00000,0x00000000d5a00000,0x00000000e4780000)
  from space 13824K, 3% used [0x00000000e4780000,0x00000000e47fec88,0x00000000e5500000)
  to   space 13824K, 0% used [0x00000000e5500000,0x00000000e5500000,0x00000000e6280000)
 ParOldGen       total 64512K, used 56515K [0x0000000080e00000, 0x0000000084d00000, 0x00000000d5a00000)
  object space 64512K, 87% used [0x0000000080e00000,0x0000000084530ee8,0x0000000084d00000)
 Metaspace       used 57322K, capacity 58822K, committed 58968K, reserved 1099776K
  class space    used 7877K, capacity 8236K, committed 8320K, reserved 1048576K
Event: 9.275 GC heap after
Heap after GC invocations=14 (full 3):
 PSYoungGen      total 257024K, used 0K [0x00000000d5a00000, 0x00000000e6700000, 0x0000000100000000)
  eden space 243200K, 0% used [0x00000000d5a00000,0x00000000d5a00000,0x00000000e4780000)
  from space 13824K, 0% used [0x00000000e4780000,0x00000000e4780000,0x00000000e5500000)
  to   space 13824K, 0% used [0x00000000e5500000,0x00000000e5500000,0x00000000e6280000)
 ParOldGen       total 64512K, used 49252K [0x0000000080e00000, 0x0000000084d00000, 0x00000000d5a00000)
  object space 64512K, 76% used [0x0000000080e00000,0x0000000083e190c8,0x0000000084d00000)
 Metaspace       used 57320K, capacity 58816K, committed 58968K, reserved 1099776K
  class space    used 7877K, capacity 8235K, committed 8320K, reserved 1048576K
}
Event: 11.598 GC heap before
{Heap before GC invocations=15 (full 4):
 PSYoungGen      total 257024K, used 243200K [0x00000000d5a00000, 0x00000000e6700000, 0x0000000100000000)
  eden space 243200K, 100% used [0x00000000d5a00000,0x00000000e4780000,0x00000000e4780000)
  from space 13824K, 0% used [0x00000000e4780000,0x00000000e4780000,0x00000000e5500000)
  to   space 13824K, 0% used [0x00000000e5500000,0x00000000e5500000,0x00000000e6280000)
 ParOldGen       total 64512K, used 49252K [0x0000000080e00000, 0x0000000084d00000, 0x00000000d5a00000)
  object space 64512K, 76% used [0x0000000080e00000,0x0000000083e190c8,0x0000000084d00000)
 Metaspace       used 69189K, capacity 70844K, committed 71000K, reserved 1112064K
  class space    used 8894K, capacity 9269K, committed 9344K, reserved 1048576K
Event: 11.715 GC heap after
Heap after GC invocations=15 (full 4):
 PSYoungGen      total 257024K, used 0K [0x00000000d5a00000, 0x00000000e6700000, 0x0000000100000000)
  eden space 243200K, 0% used [0x00000000d5a00000,0x00000000d5a00000,0x00000000e4780000)
  from space 13824K, 0% used [0x00000000e4780000,0x00000000e4780000,0x00000000e5500000)
  to   space 13824K, 0% used [0x00000000e5500000,0x00000000e5500000,0x00000000e6280000)
 ParOldGen       total 64512K, used 55920K [0x0000000080e00000, 0x0000000084d00000, 0x00000000d5a00000)
  object space 64512K, 86% used [0x0000000080e00000,0x000000008449c138,0x0000000084d00000)
 Metaspace       used 69189K, capacity 70844K, committed 71000K, reserved 1112064K
  class space    used 8894K, capacity 9269K, committed 9344K, reserved 1048576K
}

